<?xml version="1.0" encoding="UTF-8"?>
<testng-results skipped="0" failed="0" ignored="0" total="1" passed="1">
  <reporter-output>
  </reporter-output>
  <suite name="Default suite" duration-ms="119559" started-at="2022-08-14T18:53:47 IST" finished-at="2022-08-14T18:55:46 IST">
    <groups>
    </groups>
    <test name="Default test" duration-ms="119559" started-at="2022-08-14T18:53:47 IST" finished-at="2022-08-14T18:55:46 IST">
      <class name="test.FlipkartTest">
        <test-method status="PASS" signature="setUp()[pri:0, instance:test.FlipkartTest@4923ab24]" name="setUp" is-config="true" duration-ms="24147" started-at="2022-08-14T18:53:47 IST" finished-at="2022-08-14T18:54:11 IST">
          <reporter-output>
          </reporter-output>
        </test-method> <!-- setUp -->
        <test-method status="PASS" signature="Homepage()[pri:0, instance:test.FlipkartTest@4923ab24]" name="Homepage" duration-ms="94020" started-at="2022-08-14T18:54:11 IST" finished-at="2022-08-14T18:55:45 IST">
          <reporter-output>
          </reporter-output>
        </test-method> <!-- Homepage -->
        <test-method status="PASS" signature="tearDown()[pri:0, instance:test.FlipkartTest@4923ab24]" name="tearDown" is-config="true" duration-ms="1289" started-at="2022-08-14T18:55:45 IST" finished-at="2022-08-14T18:55:46 IST">
          <reporter-output>
          </reporter-output>
        </test-method> <!-- tearDown -->
      </class> <!-- test.FlipkartTest -->
    </test> <!-- Default test -->
  </suite> <!-- Default suite -->
</testng-results>
